Unable to open file '007 - Sem Tempo para Morrer.html'
Unable to open file '007 - Sem Tempo para Morrer.html'
Unable to open file '007 - Sem Tempo para Morrer.html'
Unable to open file '007 - Sem Tempo para Morrer.html'
Unable to open file '007 - Sem Tempo para Morrer.html'
Unable to open file '007 - Sem Tempo para Morrer.html'
Unable to open file '007 - Sem Tempo para Morrer.html'
Unable to open file '007 - Sem Tempo para Morrer.html'
Unable to open file '007 - Sem Tempo para Morrer.html'
Unable to open file 'A Era do Gelo - As Aventuras de Buck.html'
Unable to open file 'A Era do Gelo - As Aventuras de Buck.html'
Unable to open file 'A Era do Gelo - As Aventuras de Buck.html'
Unable to open file 'A Era do Gelo - As Aventuras de Buck.html'
Unable to open file 'A Era do Gelo - As Aventuras de Buck.html'
Unable to open file 'A Era do Gelo - As Aventuras de Buck.html'
Unable to open file 'A Era do Gelo - As Aventuras de Buck.html'
Unable to open file 'A Era do Gelo - As Aventuras de Buck.html'
Unable to open file 'A Era do Gelo - As Aventuras de Buck.html'
Unable to open file 'A Familia Addams 2 - Pe na Estrada.html'
Unable to open file 'A Familia Addams 2 - Pe na Estrada.html'
Unable to open file 'A Familia Addams 2 - Pe na Estrada.html'
Unable to open file 'A Familia Addams 2 - Pe na Estrada.html'
Unable to open file 'A Familia Addams 2 - Pe na Estrada.html'
Unable to open file 'A Familia Addams 2 - Pe na Estrada.html'
Unable to open file 'A Familia Addams 2 - Pe na Estrada.html'
Unable to open file 'A Familia Addams 2 - Pe na Estrada.html'
Unable to open file 'A Familia Addams 2 - Pe na Estrada.html'
Unable to open file 'Alerta Vermelho.html'
Unable to open file 'Alerta Vermelho.html'
Unable to open file 'Alerta Vermelho.html'
Unable to open file 'Alerta Vermelho.html'
Unable to open file 'Alerta Vermelho.html'
Unable to open file 'Alerta Vermelho.html'
Unable to open file 'Alerta Vermelho.html'
Unable to open file 'Alerta Vermelho.html'
Unable to open file 'Alerta Vermelho.html'
Unable to open file 'Batman.html'
Unable to open file 'Batman.html'
Unable to open file 'Batman.html'
Unable to open file 'Batman.html'
Unable to open file 'Batman.html'
Unable to open file 'Batman.html'
Unable to open file 'Batman.html'
Unable to open file 'Batman.html'
Unable to open file 'Batman.html'
Unable to open file 'Casa Gucci.html'
Unable to open file 'Casa Gucci.html'
Unable to open file 'Casa Gucci.html'
Unable to open file 'Casa Gucci.html'
Unable to open file 'Casa Gucci.html'
Unable to open file 'Casa Gucci.html'
Unable to open file 'Casa Gucci.html'
Unable to open file 'Casa Gucci.html'
Unable to open file 'Casa Gucci.html'
Unable to open file 'Cruella.html'
Unable to open file 'Cruella.html'
Unable to open file 'Cruella.html'
Unable to open file 'Cruella.html'
Unable to open file 'Cruella.html'
Unable to open file 'Cruella.html'
Unable to open file 'Cruella.html'
Unable to open file 'Cruella.html'
Unable to open file 'Cruella.html'
Unable to open file 'Diario de um Banana.html'
Unable to open file 'Diario de um Banana.html'
Unable to open file 'Diario de um Banana.html'
Unable to open file 'Diario de um Banana.html'
Unable to open file 'Diario de um Banana.html'
Unable to open file 'Diario de um Banana.html'
Unable to open file 'Diario de um Banana.html'
Unable to open file 'Diario de um Banana.html'
Unable to open file 'Diario de um Banana.html'
Unable to open file 'Dog.html'
Unable to open file 'Dog.html'
Unable to open file 'Dog.html'
Unable to open file 'Dog.html'
Unable to open file 'Dog.html'
Unable to open file 'Dog.html'
Unable to open file 'Dog.html'
Unable to open file 'Dog.html'
Unable to open file 'Dog.html'
Unable to open file 'Encanto.html'
Unable to open file 'Encanto.html'
Unable to open file 'Encanto.html'
Unable to open file 'Encanto.html'
Unable to open file 'Encanto.html'
Unable to open file 'Encanto.html'
Unable to open file 'Encanto.html'
Unable to open file 'Encanto.html'
Unable to open file 'Encanto.html'
Unable to open file 'Exorcismo Sagrado.html'
Unable to open file 'Exorcismo Sagrado.html'
Unable to open file 'Exorcismo Sagrado.html'
Unable to open file 'Exorcismo Sagrado.html'
Unable to open file 'Exorcismo Sagrado.html'
Unable to open file 'Exorcismo Sagrado.html'
Unable to open file 'Exorcismo Sagrado.html'
Unable to open file 'Exorcismo Sagrado.html'
Unable to open file 'Exorcismo Sagrado.html'
Unable to open file 'Ghostbusters - Mais Alem.html'
Unable to open file 'Ghostbusters - Mais Alem.html'
Unable to open file 'Ghostbusters - Mais Alem.html'
Unable to open file 'Ghostbusters - Mais Alem.html'
Unable to open file 'Ghostbusters - Mais Alem.html'
Unable to open file 'Ghostbusters - Mais Alem.html'
Unable to open file 'Ghostbusters - Mais Alem.html'
Unable to open file 'Ghostbusters - Mais Alem.html'
Unable to open file 'Ghostbusters - Mais Alem.html'
Unable to open file 'Gold.html'
Unable to open file 'Gold.html'
Unable to open file 'Gold.html'
Unable to open file 'Gold.html'
Unable to open file 'Gold.html'
Unable to open file 'Gold.html'
Unable to open file 'Gold.html'
Unable to open file 'Gold.html'
Unable to open file 'Gold.html'
Unable to open file 'Homem-Aranha - Sem Volta Para Casa.html'
Unable to open file 'Homem-Aranha - Sem Volta Para Casa.html'
Unable to open file 'Homem-Aranha - Sem Volta Para Casa.html'
Unable to open file 'Homem-Aranha - Sem Volta Para Casa.html'
Unable to open file 'Homem-Aranha - Sem Volta Para Casa.html'
Unable to open file 'Homem-Aranha - Sem Volta Para Casa.html'
Unable to open file 'Homem-Aranha - Sem Volta Para Casa.html'
Unable to open file 'Homem-Aranha - Sem Volta Para Casa.html'
Unable to open file 'Homem-Aranha - Sem Volta Para Casa.html'
Unable to open file 'Infiltrado.html'
Unable to open file 'Infiltrado.html'
Unable to open file 'Infiltrado.html'
Unable to open file 'Infiltrado.html'
Unable to open file 'Infiltrado.html'
Unable to open file 'Infiltrado.html'
Unable to open file 'Infiltrado.html'
Unable to open file 'Infiltrado.html'
Unable to open file 'Infiltrado.html'
Unable to open file 'Liga da Justica de Zack Snyder.html'
Unable to open file 'Liga da Justica de Zack Snyder.html'
Unable to open file 'Liga da Justica de Zack Snyder.html'
Unable to open file 'Liga da Justica de Zack Snyder.html'
Unable to open file 'Liga da Justica de Zack Snyder.html'
Unable to open file 'Liga da Justica de Zack Snyder.html'
Unable to open file 'Liga da Justica de Zack Snyder.html'
Unable to open file 'Liga da Justica de Zack Snyder.html'
Unable to open file 'Liga da Justica de Zack Snyder.html'
Unable to open file 'Luca.html'
Unable to open file 'Luca.html'
Unable to open file 'Luca.html'
Unable to open file 'Luca.html'
Unable to open file 'Luca.html'
Unable to open file 'Luca.html'
Unable to open file 'Luca.html'
Unable to open file 'Luca.html'
Unable to open file 'Luca.html'
Unable to open file 'Matrix Resurrections.html'
Unable to open file 'Matrix Resurrections.html'
Unable to open file 'Matrix Resurrections.html'
Unable to open file 'Matrix Resurrections.html'
Unable to open file 'Matrix Resurrections.html'
Unable to open file 'Matrix Resurrections.html'
Unable to open file 'Matrix Resurrections.html'
Unable to open file 'Matrix Resurrections.html'
Unable to open file 'Matrix Resurrections.html'
Unable to open file 'Mortal Kombat.html'
Unable to open file 'Mortal Kombat.html'
Unable to open file 'Mortal Kombat.html'
Unable to open file 'Mortal Kombat.html'
Unable to open file 'Mortal Kombat.html'
Unable to open file 'Mortal Kombat.html'
Unable to open file 'Mortal Kombat.html'
Unable to open file 'Mortal Kombat.html'
Unable to open file 'Mortal Kombat.html'
Unable to open file 'O Esquadrao Suicida.html'
Unable to open file 'O Esquadrao Suicida.html'
Unable to open file 'O Esquadrao Suicida.html'
Unable to open file 'O Esquadrao Suicida.html'
Unable to open file 'O Esquadrao Suicida.html'
Unable to open file 'O Esquadrao Suicida.html'
Unable to open file 'O Esquadrao Suicida.html'
Unable to open file 'O Esquadrao Suicida.html'
Unable to open file 'O Esquadrao Suicida.html'
Unable to open file 'O Ultimo Duelo.html'
Unable to open file 'O Ultimo Duelo.html'
Unable to open file 'O Ultimo Duelo.html'
Unable to open file 'O Ultimo Duelo.html'
Unable to open file 'O Ultimo Duelo.html'
Unable to open file 'O Ultimo Duelo.html'
Unable to open file 'O Ultimo Duelo.html'
Unable to open file 'O Ultimo Duelo.html'
Unable to open file 'O Ultimo Duelo.html'
Unable to open file 'Os Simpsons em Plusniversario.html'
Unable to open file 'Os Simpsons em Plusniversario.html'
Unable to open file 'Os Simpsons em Plusniversario.html'
Unable to open file 'Os Simpsons em Plusniversario.html'
Unable to open file 'Os Simpsons em Plusniversario.html'
Unable to open file 'Os Simpsons em Plusniversario.html'
Unable to open file 'Os Simpsons em Plusniversario.html'
Unable to open file 'Os Simpsons em Plusniversario.html'
Unable to open file 'Os Simpsons em Plusniversario.html'
Unable to open file 'Patrulha Canina - O Filme.html'
Unable to open file 'Patrulha Canina - O Filme.html'
Unable to open file 'Patrulha Canina - O Filme.html'
Unable to open file 'Patrulha Canina - O Filme.html'
Unable to open file 'Patrulha Canina - O Filme.html'
Unable to open file 'Patrulha Canina - O Filme.html'
Unable to open file 'Patrulha Canina - O Filme.html'
Unable to open file 'Patrulha Canina - O Filme.html'
Unable to open file 'Patrulha Canina - O Filme.html'
Unable to open file 'Resident Evil - Bem-Vindo a Raccoon City.html'
Unable to open file 'Resident Evil - Bem-Vindo a Raccoon City.html'
Unable to open file 'Resident Evil - Bem-Vindo a Raccoon City.html'
Unable to open file 'Resident Evil - Bem-Vindo a Raccoon City.html'
Unable to open file 'Resident Evil - Bem-Vindo a Raccoon City.html'
Unable to open file 'Resident Evil - Bem-Vindo a Raccoon City.html'
Unable to open file 'Resident Evil - Bem-Vindo a Raccoon City.html'
Unable to open file 'Resident Evil - Bem-Vindo a Raccoon City.html'
Unable to open file 'Resident Evil - Bem-Vindo a Raccoon City.html'
Unable to open file 'Ron Bugado.html'
Unable to open file 'Ron Bugado.html'
Unable to open file 'Ron Bugado.html'
Unable to open file 'Ron Bugado.html'
Unable to open file 'Ron Bugado.html'
Unable to open file 'Ron Bugado.html'
Unable to open file 'Ron Bugado.html'
Unable to open file 'Ron Bugado.html'
Unable to open file 'Ron Bugado.html'
Unable to open file 'The Commando.html'
Unable to open file 'The Commando.html'
Unable to open file 'The Commando.html'
Unable to open file 'The Commando.html'
Unable to open file 'The Commando.html'
Unable to open file 'The Commando.html'
Unable to open file 'The Commando.html'
Unable to open file 'The Commando.html'
Unable to open file 'The Commando.html'
Unable to open file 'Uncharted - Fora do Mapa.html'
Unable to open file 'Uncharted - Fora do Mapa.html'
Unable to open file 'Uncharted - Fora do Mapa.html'
Unable to open file 'Uncharted - Fora do Mapa.html'
Unable to open file 'Uncharted - Fora do Mapa.html'
Unable to open file 'Uncharted - Fora do Mapa.html'
Unable to open file 'Uncharted - Fora do Mapa.html'
Unable to open file 'Uncharted - Fora do Mapa.html'
Unable to open file 'Uncharted - Fora do Mapa.html'
Unable to open file 'Velozes & Furiosos 9.html'
Unable to open file 'Velozes & Furiosos 9.html'
Unable to open file 'Velozes & Furiosos 9.html'
Unable to open file 'Velozes & Furiosos 9.html'
Unable to open file 'Velozes & Furiosos 9.html'
Unable to open file 'Velozes & Furiosos 9.html'
Unable to open file 'Velozes & Furiosos 9.html'
Unable to open file 'Velozes & Furiosos 9.html'
Unable to open file 'Velozes & Furiosos 9.html'
Unable to open file 'Venom - Tempo de Carnificina.html'
Unable to open file 'Venom - Tempo de Carnificina.html'
Unable to open file 'Venom - Tempo de Carnificina.html'
Unable to open file 'Venom - Tempo de Carnificina.html'
Unable to open file 'Venom - Tempo de Carnificina.html'
Unable to open file 'Venom - Tempo de Carnificina.html'
Unable to open file 'Venom - Tempo de Carnificina.html'
Unable to open file 'Venom - Tempo de Carnificina.html'
Unable to open file 'Venom - Tempo de Carnificina.html'
Unable to open file 'Witch Hunt.html'
Unable to open file 'Witch Hunt.html'
Unable to open file 'Witch Hunt.html'
Unable to open file 'Witch Hunt.html'
Unable to open file 'Witch Hunt.html'
Unable to open file 'Witch Hunt.html'
Unable to open file 'Witch Hunt.html'
Unable to open file 'Witch Hunt.html'
Unable to open file 'Witch Hunt.html'
